<?xml version="1.0" encoding="UTF-8"?>
<!-- Generated by org.testng.reporters.JUnitReportReporter -->
<testsuite skipped="0" hostname="DESKTOP-2CGS809" name="com.NewMavenProject1.NewMavenProject1.Testcases.OnlineStoresValidationtest" tests="1" failures="0" timestamp="04 May 2018 06:29:18 GMT" time="35.951" errors="0">
  <testcase name="OnlineStoretest" time="35.951" classname="com.NewMavenProject1.NewMavenProject1.Testcases.OnlineStoresValidationtest"/>
</testsuite> <!-- com.NewMavenProject1.NewMavenProject1.Testcases.OnlineStoresValidationtest -->
