<?xml version="1.0" encoding="UTF-8"?>
<!-- Generated by org.testng.reporters.JUnitReportReporter -->
<testsuite skipped="0" hostname="DESKTOP-2CGS809" name="com.NewMavenProject1.NewMavenProject1.Testcases.facebooklogin" tests="1" failures="0" timestamp="15 Apr 2018 03:18:56 GMT" time="37.961" errors="0">
  <testcase name="LoginTest" time="37.961" classname="com.NewMavenProject1.NewMavenProject1.Testcases.facebooklogin"/>
</testsuite> <!-- com.NewMavenProject1.NewMavenProject1.Testcases.facebooklogin -->
